<?xml version="1.0" encoding="UTF-8"?>
<coverage generated="1561698032509" clover="3.2.0">
  <project timestamp="1561698032509" name="All files">
    <metrics statements="36" coveredstatements="18" conditionals="29" coveredconditionals="16" methods="10" coveredmethods="3" elements="75" coveredelements="37" complexity="0" loc="36" ncloc="36" packages="1" files="1" classes="1"/>
    <file name="method.js" path="/Users/dengxuelian/Documents/program/react-hoc-form/src/form/tools/method.js">
      <metrics statements="36" coveredstatements="18" conditionals="29" coveredconditionals="16" methods="10" coveredmethods="3"/>
      <line num="6" count="2" type="stmt"/>
      <line num="7" count="7" type="cond" truecount="4" falsecount="0"/>
      <line num="8" count="3" type="stmt"/>
      <line num="10" count="4" type="cond" truecount="4" falsecount="0"/>
      <line num="11" count="1" type="stmt"/>
      <line num="13" count="3" type="cond" truecount="4" falsecount="0"/>
      <line num="14" count="2" type="stmt"/>
      <line num="22" count="2" type="stmt"/>
      <line num="23" count="0" type="stmt"/>
      <line num="24" count="0" type="stmt"/>
      <line num="25" count="0" type="cond" truecount="0" falsecount="2"/>
      <line num="32" count="2" type="stmt"/>
      <line num="33" count="0" type="stmt"/>
      <line num="40" count="2" type="stmt"/>
      <line num="41" count="0" type="stmt"/>
      <line num="42" count="0" type="stmt"/>
      <line num="43" count="0" type="cond" truecount="0" falsecount="2"/>
      <line num="51" count="2" type="cond" truecount="0" falsecount="1"/>
      <line num="52" count="0" type="cond" truecount="0" falsecount="4"/>
      <line num="53" count="0" type="stmt"/>
      <line num="54" count="0" type="stmt"/>
      <line num="61" count="2" type="stmt"/>
      <line num="62" count="0" type="stmt"/>
      <line num="63" count="0" type="stmt"/>
      <line num="70" count="2" type="stmt"/>
      <line num="71" count="0" type="stmt"/>
      <line num="72" count="0" type="stmt"/>
      <line num="79" count="2" type="stmt"/>
      <line num="80" count="0" type="stmt"/>
      <line num="81" count="0" type="stmt"/>
      <line num="89" count="3" type="stmt"/>
      <line num="90" count="1" type="cond" truecount="3" falsecount="1"/>
      <line num="91" count="0" type="stmt"/>
      <line num="93" count="1" type="cond" truecount="1" falsecount="1"/>
      <line num="94" count="1" type="stmt"/>
      <line num="96" count="0" type="cond" truecount="0" falsecount="2"/>
    </file>
  </project>
</coverage>
