{"/Users/dengxuelian/Documents/program/react-hoc-form/src/form/tools/method.js": {"path":"/Users/dengxuelian/Documents/program/react-hoc-form/src/form/tools/method.js","statementMap":{"0":{"start":{"line":6,"column":16},"end":{"line":16,"column":1}},"1":{"start":{"line":7,"column":4},"end":{"line":9,"column":5}},"2":{"start":{"line":8,"column":8},"end":{"line":8,"column":21}},"3":{"start":{"line":10,"column":4},"end":{"line":12,"column":5}},"4":{"start":{"line":11,"column":8},"end":{"line":11,"column":21}},"5":{"start":{"line":13,"column":4},"end":{"line":15,"column":5}},"6":{"start":{"line":14,"column":8},"end":{"line":14,"column":21}},"7":{"start":{"line":22,"column":16},"end":{"line":26,"column":1}},"8":{"start":{"line":23,"column":18},"end":{"line":23,"column":178}},"9":{"start":{"line":24,"column":23},"end":{"line":24,"column":69}},"10":{"start":{"line":25,"column":4},"end":{"line":25,"column":56}},"11":{"start":{"line":32,"column":19},"end":{"line":34,"column":1}},"12":{"start":{"line":33,"column":4},"end":{"line":33,"column":25}},"13":{"start":{"line":40,"column":18},"end":{"line":44,"column":1}},"14":{"start":{"line":41,"column":20},"end":{"line":41,"column":57}},"15":{"start":{"line":42,"column":20},"end":{"line":42,"column":50}},"16":{"start":{"line":43,"column":4},"end":{"line":43,"column":54}},"17":{"start":{"line":51,"column":18},"end":{"line":55,"column":1}},"18":{"start":{"line":52,"column":4},"end":{"line":52,"column":48}},"19":{"start":{"line":52,"column":37},"end":{"line":52,"column":48}},"20":{"start":{"line":53,"column":18},"end":{"line":53,"column":48}},"21":{"start":{"line":54,"column":4},"end":{"line":54,"column":29}},"22":{"start":{"line":61,"column":21},"end":{"line":64,"column":1}},"23":{"start":{"line":62,"column":18},"end":{"line":62,"column":58}},"24":{"start":{"line":63,"column":4},"end":{"line":63,"column":29}},"25":{"start":{"line":70,"column":21},"end":{"line":73,"column":1}},"26":{"start":{"line":71,"column":18},"end":{"line":71,"column":27}},"27":{"start":{"line":72,"column":4},"end":{"line":72,"column":29}},"28":{"start":{"line":79,"column":24},"end":{"line":82,"column":1}},"29":{"start":{"line":80,"column":18},"end":{"line":80,"column":35}},"30":{"start":{"line":81,"column":4},"end":{"line":81,"column":29}},"31":{"start":{"line":89,"column":22},"end":{"line":98,"column":1}},"32":{"start":{"line":89,"column":36},"end":{"line":98,"column":1}},"33":{"start":{"line":90,"column":4},"end":{"line":92,"column":5}},"34":{"start":{"line":91,"column":8},"end":{"line":91,"column":36}},"35":{"start":{"line":93,"column":4},"end":{"line":97,"column":5}},"36":{"start":{"line":94,"column":8},"end":{"line":94,"column":34}},"37":{"start":{"line":96,"column":8},"end":{"line":96,"column":56}}},"fnMap":{"0":{"name":"(anonymous_0)","decl":{"start":{"line":6,"column":16},"end":{"line":6,"column":17}},"loc":{"start":{"line":6,"column":27},"end":{"line":16,"column":1}},"line":6},"1":{"name":"(anonymous_1)","decl":{"start":{"line":22,"column":16},"end":{"line":22,"column":17}},"loc":{"start":{"line":22,"column":27},"end":{"line":26,"column":1}},"line":22},"2":{"name":"(anonymous_2)","decl":{"start":{"line":32,"column":19},"end":{"line":32,"column":20}},"loc":{"start":{"line":32,"column":30},"end":{"line":34,"column":1}},"line":32},"3":{"name":"(anonymous_3)","decl":{"start":{"line":40,"column":18},"end":{"line":40,"column":19}},"loc":{"start":{"line":40,"column":29},"end":{"line":44,"column":1}},"line":40},"4":{"name":"(anonymous_4)","decl":{"start":{"line":51,"column":18},"end":{"line":51,"column":19}},"loc":{"start":{"line":51,"column":53},"end":{"line":55,"column":1}},"line":51},"5":{"name":"(anonymous_5)","decl":{"start":{"line":61,"column":21},"end":{"line":61,"column":22}},"loc":{"start":{"line":61,"column":32},"end":{"line":64,"column":1}},"line":61},"6":{"name":"(anonymous_6)","decl":{"start":{"line":70,"column":21},"end":{"line":70,"column":22}},"loc":{"start":{"line":70,"column":32},"end":{"line":73,"column":1}},"line":70},"7":{"name":"(anonymous_7)","decl":{"start":{"line":79,"column":24},"end":{"line":79,"column":25}},"loc":{"start":{"line":79,"column":35},"end":{"line":82,"column":1}},"line":79},"8":{"name":"(anonymous_8)","decl":{"start":{"line":89,"column":22},"end":{"line":89,"column":23}},"loc":{"start":{"line":89,"column":36},"end":{"line":98,"column":1}},"line":89},"9":{"name":"(anonymous_9)","decl":{"start":{"line":89,"column":36},"end":{"line":89,"column":37}},"loc":{"start":{"line":89,"column":47},"end":{"line":98,"column":1}},"line":89}},"branchMap":{"0":{"loc":{"start":{"line":7,"column":4},"end":{"line":9,"column":5}},"type":"if","locations":[{"start":{"line":7,"column":4},"end":{"line":9,"column":5}},{"start":{"line":7,"column":4},"end":{"line":9,"column":5}}],"line":7},"1":{"loc":{"start":{"line":7,"column":8},"end":{"line":7,"column":45}},"type":"binary-expr","locations":[{"start":{"line":7,"column":8},"end":{"line":7,"column":27}},{"start":{"line":7,"column":31},"end":{"line":7,"column":45}}],"line":7},"2":{"loc":{"start":{"line":10,"column":4},"end":{"line":12,"column":5}},"type":"if","locations":[{"start":{"line":10,"column":4},"end":{"line":12,"column":5}},{"start":{"line":10,"column":4},"end":{"line":12,"column":5}}],"line":10},"3":{"loc":{"start":{"line":10,"column":8},"end":{"line":10,"column":50}},"type":"binary-expr","locations":[{"start":{"line":10,"column":8},"end":{"line":10,"column":28}},{"start":{"line":10,"column":32},"end":{"line":10,"column":50}}],"line":10},"4":{"loc":{"start":{"line":13,"column":4},"end":{"line":15,"column":5}},"type":"if","locations":[{"start":{"line":13,"column":4},"end":{"line":15,"column":5}},{"start":{"line":13,"column":4},"end":{"line":15,"column":5}}],"line":13},"5":{"loc":{"start":{"line":13,"column":8},"end":{"line":13,"column":50}},"type":"binary-expr","locations":[{"start":{"line":13,"column":8},"end":{"line":13,"column":33}},{"start":{"line":13,"column":37},"end":{"line":13,"column":50}}],"line":13},"6":{"loc":{"start":{"line":25,"column":11},"end":{"line":25,"column":55}},"type":"binary-expr","locations":[{"start":{"line":25,"column":11},"end":{"line":25,"column":28}},{"start":{"line":25,"column":32},"end":{"line":25,"column":55}}],"line":25},"7":{"loc":{"start":{"line":43,"column":11},"end":{"line":43,"column":53}},"type":"binary-expr","locations":[{"start":{"line":43,"column":11},"end":{"line":43,"column":30}},{"start":{"line":43,"column":34},"end":{"line":43,"column":53}}],"line":43},"8":{"loc":{"start":{"line":51,"column":26},"end":{"line":51,"column":48}},"type":"default-arg","locations":[{"start":{"line":51,"column":44},"end":{"line":51,"column":48}}],"line":51},"9":{"loc":{"start":{"line":52,"column":4},"end":{"line":52,"column":48}},"type":"if","locations":[{"start":{"line":52,"column":4},"end":{"line":52,"column":48}},{"start":{"line":52,"column":4},"end":{"line":52,"column":48}}],"line":52},"10":{"loc":{"start":{"line":52,"column":7},"end":{"line":52,"column":35}},"type":"binary-expr","locations":[{"start":{"line":52,"column":7},"end":{"line":52,"column":25}},{"start":{"line":52,"column":29},"end":{"line":52,"column":35}}],"line":52},"11":{"loc":{"start":{"line":90,"column":4},"end":{"line":92,"column":5}},"type":"if","locations":[{"start":{"line":90,"column":4},"end":{"line":92,"column":5}},{"start":{"line":90,"column":4},"end":{"line":92,"column":5}}],"line":90},"12":{"loc":{"start":{"line":90,"column":8},"end":{"line":90,"column":32}},"type":"binary-expr","locations":[{"start":{"line":90,"column":8},"end":{"line":90,"column":18}},{"start":{"line":90,"column":22},"end":{"line":90,"column":32}}],"line":90},"13":{"loc":{"start":{"line":93,"column":4},"end":{"line":97,"column":5}},"type":"if","locations":[{"start":{"line":93,"column":4},"end":{"line":97,"column":5}},{"start":{"line":93,"column":4},"end":{"line":97,"column":5}}],"line":93},"14":{"loc":{"start":{"line":96,"column":15},"end":{"line":96,"column":55}},"type":"binary-expr","locations":[{"start":{"line":96,"column":15},"end":{"line":96,"column":33}},{"start":{"line":96,"column":37},"end":{"line":96,"column":55}}],"line":96}},"s":{"0":2,"1":7,"2":3,"3":4,"4":1,"5":3,"6":2,"7":2,"8":0,"9":0,"10":0,"11":2,"12":0,"13":2,"14":0,"15":0,"16":0,"17":2,"18":0,"19":0,"20":0,"21":0,"22":2,"23":0,"24":0,"25":2,"26":0,"27":0,"28":2,"29":0,"30":0,"31":2,"32":3,"33":1,"34":0,"35":1,"36":1,"37":0},"f":{"0":7,"1":0,"2":0,"3":0,"4":0,"5":0,"6":0,"7":0,"8":3,"9":1},"b":{"0":[3,4],"1":[7,5],"2":[1,3],"3":[4,1],"4":[2,1],"5":[3,2],"6":[0,0],"7":[0,0],"8":[0],"9":[0,0],"10":[0,0],"11":[0,1],"12":[1,1],"13":[1,0],"14":[0,0]},"_coverageSchema":"43e27e138ebf9cfc5966b082cf9a028302ed4184","hash":"24f6b88413d47d4b85089efd433382babdad5a51"}
}
