TN:
SF:/Users/dengxuelian/Documents/program/react-hoc-form/src/form/tools/method.js
FN:6,(anonymous_0)
FN:22,(anonymous_1)
FN:32,(anonymous_2)
FN:40,(anonymous_3)
FN:51,(anonymous_4)
FN:61,(anonymous_5)
FN:70,(anonymous_6)
FN:79,(anonymous_7)
FN:89,(anonymous_8)
FN:89,(anonymous_9)
FNF:10
FNH:3
FNDA:7,(anonymous_0)
FNDA:0,(anonymous_1)
FNDA:0,(anonymous_2)
FNDA:0,(anonymous_3)
FNDA:0,(anonymous_4)
FNDA:0,(anonymous_5)
FNDA:0,(anonymous_6)
FNDA:0,(anonymous_7)
FNDA:3,(anonymous_8)
FNDA:1,(anonymous_9)
DA:6,2
DA:7,7
DA:8,3
DA:10,4
DA:11,1
DA:13,3
DA:14,2
DA:22,2
DA:23,0
DA:24,0
DA:25,0
DA:32,2
DA:33,0
DA:40,2
DA:41,0
DA:42,0
DA:43,0
DA:51,2
DA:52,0
DA:53,0
DA:54,0
DA:61,2
DA:62,0
DA:63,0
DA:70,2
DA:71,0
DA:72,0
DA:79,2
DA:80,0
DA:81,0
DA:89,3
DA:90,1
DA:91,0
DA:93,1
DA:94,1
DA:96,0
LF:36
LH:18
BRDA:7,0,0,3
BRDA:7,0,1,4
BRDA:7,1,0,7
BRDA:7,1,1,5
BRDA:10,2,0,1
BRDA:10,2,1,3
BRDA:10,3,0,4
BRDA:10,3,1,1
BRDA:13,4,0,2
BRDA:13,4,1,1
BRDA:13,5,0,3
BRDA:13,5,1,2
BRDA:25,6,0,0
BRDA:25,6,1,0
BRDA:43,7,0,0
BRDA:43,7,1,0
BRDA:51,8,0,0
BRDA:52,9,0,0
BRDA:52,9,1,0
BRDA:52,10,0,0
BRDA:52,10,1,0
BRDA:90,11,0,0
BRDA:90,11,1,1
BRDA:90,12,0,1
BRDA:90,12,1,1
BRDA:93,13,0,1
BRDA:93,13,1,0
BRDA:96,14,0,0
BRDA:96,14,1,0
BRF:29
BRH:16
end_of_record
